<?xml version="1.0" encoding="UTF-8"?>
<coverage generated="1606943461659" clover="3.2.0">
  <project timestamp="1606943461659" name="All files">
    <metrics statements="8" coveredstatements="8" conditionals="2" coveredconditionals="1" methods="5" coveredmethods="5" elements="15" coveredelements="14" complexity="0" loc="8" ncloc="8" packages="1" files="4" classes="4"/>
    <file name="cloneArray.js" path="H:\Code Files\jest-testing\js\cloneArray.js">
      <metrics statements="2" coveredstatements="2" conditionals="0" coveredconditionals="0" methods="1" coveredmethods="1"/>
      <line num="2" count="2" type="stmt"/>
      <line num="5" count="1" type="stmt"/>
    </file>
    <file name="orderTotal.js" path="H:\Code Files\jest-testing\js\orderTotal.js">
      <metrics statements="2" coveredstatements="2" conditionals="2" coveredconditionals="1" methods="2" coveredmethods="2"/>
      <line num="2" count="1" type="cond" truecount="1" falsecount="1"/>
      <line num="5" count="1" type="stmt"/>
    </file>
    <file name="subtract.js" path="H:\Code Files\jest-testing\js\subtract.js">
      <metrics statements="2" coveredstatements="2" conditionals="0" coveredconditionals="0" methods="1" coveredmethods="1"/>
      <line num="2" count="1" type="stmt"/>
      <line num="5" count="1" type="stmt"/>
    </file>
    <file name="sum.js" path="H:\Code Files\jest-testing\js\sum.js">
      <metrics statements="2" coveredstatements="2" conditionals="0" coveredconditionals="0" methods="1" coveredmethods="1"/>
      <line num="2" count="1" type="stmt"/>
      <line num="5" count="1" type="stmt"/>
    </file>
  </project>
</coverage>
