{"H:\\Code Files\\jest-testing\\js\\cloneArray.js": {"path":"H:\\Code Files\\jest-testing\\js\\cloneArray.js","statementMap":{"0":{"start":{"line":2,"column":4},"end":{"line":2,"column":20}},"1":{"start":{"line":5,"column":0},"end":{"line":5,"column":28}}},"fnMap":{"0":{"name":"cloneArray","decl":{"start":{"line":1,"column":9},"end":{"line":1,"column":19}},"loc":{"start":{"line":1,"column":25},"end":{"line":3,"column":1}},"line":1}},"branchMap":{},"s":{"0":2,"1":1},"f":{"0":2},"b":{},"_coverageSchema":"1a1c01bbd47fc00a2c39e90264f33305004495a9","hash":"1812ecaf55b8a85fe9e614836a91aad5f5c4b960"}
,"H:\\Code Files\\jest-testing\\js\\orderTotal.js": {"path":"H:\\Code Files\\jest-testing\\js\\orderTotal.js","statementMap":{"0":{"start":{"line":2,"column":4},"end":{"line":2,"column":88}},"1":{"start":{"line":2,"column":45},"end":{"line":2,"column":83}},"2":{"start":{"line":5,"column":0},"end":{"line":5,"column":28}}},"fnMap":{"0":{"name":"orderTotal","decl":{"start":{"line":1,"column":9},"end":{"line":1,"column":19}},"loc":{"start":{"line":1,"column":27},"end":{"line":3,"column":1}},"line":1},"1":{"name":"(anonymous_1)","decl":{"start":{"line":2,"column":30},"end":{"line":2,"column":31}},"loc":{"start":{"line":2,"column":45},"end":{"line":2,"column":83}},"line":2}},"branchMap":{"0":{"loc":{"start":{"line":2,"column":58},"end":{"line":2,"column":75}},"type":"binary-expr","locations":[{"start":{"line":2,"column":58},"end":{"line":2,"column":70}},{"start":{"line":2,"column":74},"end":{"line":2,"column":75}}],"line":2}},"s":{"0":1,"1":1,"2":1},"f":{"0":1,"1":1},"b":{"0":[1,0]},"_coverageSchema":"1a1c01bbd47fc00a2c39e90264f33305004495a9","hash":"9560a12d0055688b7455083bb733383a015a2abd"}
,"H:\\Code Files\\jest-testing\\js\\subtract.js": {"path":"H:\\Code Files\\jest-testing\\js\\subtract.js","statementMap":{"0":{"start":{"line":2,"column":4},"end":{"line":2,"column":17}},"1":{"start":{"line":5,"column":0},"end":{"line":5,"column":26}}},"fnMap":{"0":{"name":"subtract","decl":{"start":{"line":1,"column":9},"end":{"line":1,"column":17}},"loc":{"start":{"line":1,"column":23},"end":{"line":3,"column":1}},"line":1}},"branchMap":{},"s":{"0":1,"1":1},"f":{"0":1},"b":{},"_coverageSchema":"1a1c01bbd47fc00a2c39e90264f33305004495a9","hash":"7afbc602d65c361d0449b0b24212536d1583ff54"}
,"H:\\Code Files\\jest-testing\\js\\sum.js": {"path":"H:\\Code Files\\jest-testing\\js\\sum.js","statementMap":{"0":{"start":{"line":2,"column":4},"end":{"line":2,"column":17}},"1":{"start":{"line":5,"column":0},"end":{"line":5,"column":21}}},"fnMap":{"0":{"name":"sum","decl":{"start":{"line":1,"column":9},"end":{"line":1,"column":12}},"loc":{"start":{"line":1,"column":18},"end":{"line":3,"column":1}},"line":1}},"branchMap":{},"s":{"0":1,"1":1},"f":{"0":1},"b":{},"_coverageSchema":"1a1c01bbd47fc00a2c39e90264f33305004495a9","hash":"241d00c2036b85c91e36e65d1cb652c26f33e13b"}
}
