TN:
SF:js\cloneArray.js
FN:1,cloneArray
FNF:1
FNH:1
FNDA:2,cloneArray
DA:2,2
DA:5,1
LF:2
LH:2
BRF:0
BRH:0
end_of_record
TN:
SF:js\orderTotal.js
FN:1,orderTotal
FN:2,(anonymous_1)
FNF:2
FNH:2
FNDA:1,orderTotal
FNDA:1,(anonymous_1)
DA:2,1
DA:5,1
LF:2
LH:2
BRDA:2,0,0,1
BRDA:2,0,1,0
BRF:2
BRH:1
end_of_record
TN:
SF:js\subtract.js
FN:1,subtract
FNF:1
FNH:1
FNDA:1,subtract
DA:2,1
DA:5,1
LF:2
LH:2
BRF:0
BRH:0
end_of_record
TN:
SF:js\sum.js
FN:1,sum
FNF:1
FNH:1
FNDA:1,sum
DA:2,1
DA:5,1
LF:2
LH:2
BRF:0
BRH:0
end_of_record
